<?xml version="1.0" encoding="UTF-8"?>
<!-- Generated by org.testng.reporters.JUnitXMLReporter -->
<testsuite hostname="Vijay-PC" ignored="0" name="Demo01Test" tests="3" failures="0" timestamp="28 Mar 2020 18:11:48 GMT" time="17.083" errors="0">
  <testcase name="Testdemo002" time="14.009" classname="test.java.TestDemo"/>
  <testcase name="Testdemo001" time="15.288" classname="test.java.TestDemo"/>
  <testcase name="Testdemo003" time="17.023" classname="test.java.TestDemo"/>
</testsuite> <!-- Demo01Test -->
